2024-05-23 10:42:16,971 INFO    StreamThr :2559502 [internal.py:wandb_internal():86] W&B internal server running at pid: 2559502, started at: 2024-05-23 10:42:16.970478
2024-05-23 10:42:16,972 DEBUG   HandlerThread:2559502 [handler.py:handle_request():146] handle_request: status
2024-05-23 10:42:16,974 INFO    WriterThread:2559502 [datastore.py:open_for_write():87] open: /home/dan/mini_temporal/wandb/run-20240523_104216-vtpy8mtx/run-vtpy8mtx.wandb
2024-05-23 10:42:16,975 DEBUG   SenderThread:2559502 [sender.py:send():379] send: header
2024-05-23 10:42:16,975 DEBUG   SenderThread:2559502 [sender.py:send():379] send: run
2024-05-23 10:42:17,210 INFO    SenderThread:2559502 [dir_watcher.py:__init__():211] watching files in: /home/dan/mini_temporal/wandb/run-20240523_104216-vtpy8mtx/files
2024-05-23 10:42:17,210 INFO    SenderThread:2559502 [sender.py:_start_run_threads():1124] run started: vtpy8mtx with start time 1716478936.970176
2024-05-23 10:42:17,215 DEBUG   HandlerThread:2559502 [handler.py:handle_request():146] handle_request: check_version
2024-05-23 10:42:17,215 DEBUG   SenderThread:2559502 [sender.py:send_request():406] send_request: check_version
2024-05-23 10:42:17,345 DEBUG   HandlerThread:2559502 [handler.py:handle_request():146] handle_request: run_start
2024-05-23 10:42:17,371 DEBUG   HandlerThread:2559502 [system_info.py:__init__():26] System info init
2024-05-23 10:42:17,371 DEBUG   HandlerThread:2559502 [system_info.py:__init__():41] System info init done
2024-05-23 10:42:17,371 INFO    HandlerThread:2559502 [system_monitor.py:start():194] Starting system monitor
2024-05-23 10:42:17,371 INFO    SystemMonitor:2559502 [system_monitor.py:_start():158] Starting system asset monitoring threads
2024-05-23 10:42:17,371 INFO    HandlerThread:2559502 [system_monitor.py:probe():214] Collecting system info
2024-05-23 10:42:17,372 INFO    SystemMonitor:2559502 [interfaces.py:start():190] Started cpu monitoring
2024-05-23 10:42:17,372 INFO    SystemMonitor:2559502 [interfaces.py:start():190] Started disk monitoring
2024-05-23 10:42:17,373 INFO    SystemMonitor:2559502 [interfaces.py:start():190] Started gpu monitoring
2024-05-23 10:42:17,374 INFO    SystemMonitor:2559502 [interfaces.py:start():190] Started memory monitoring
2024-05-23 10:42:17,374 INFO    SystemMonitor:2559502 [interfaces.py:start():190] Started network monitoring
2024-05-23 10:42:17,412 DEBUG   HandlerThread:2559502 [system_info.py:probe():150] Probing system
2024-05-23 10:42:17,413 DEBUG   HandlerThread:2559502 [system_info.py:_probe_git():135] Probing git
2024-05-23 10:42:17,419 DEBUG   HandlerThread:2559502 [system_info.py:_probe_git():143] Probing git done
2024-05-23 10:42:17,419 DEBUG   HandlerThread:2559502 [system_info.py:probe():198] Probing system done
2024-05-23 10:42:17,419 DEBUG   HandlerThread:2559502 [system_monitor.py:probe():223] {'os': 'Linux-5.15.0-105-generic-x86_64-with-glibc2.31', 'python': '3.11.8', 'heartbeatAt': '2024-05-23T15:42:17.412419', 'startedAt': '2024-05-23T15:42:16.966180', 'docker': None, 'cuda': None, 'args': ('--dataset', 'TQE', '--model_context', 'no_context', '--base_model', 'gemma-1.1-7b-it'), 'state': 'running', 'program': '/home/dan/mini_temporal/training/fine_tune_gemma_it.py', 'codePathLocal': 'training/fine_tune_gemma_it.py', 'codePath': 'training/fine_tune_gemma_it.py', 'git': {'remote': 'https://github.com/danschumac1/mini_temporal.git', 'commit': 'f1409aa0cbf8842bb7345c46ef6ca210cdfc3b13'}, 'email': None, 'root': '/home/dan/mini_temporal', 'host': 'rr183367ip01', 'username': 'dan', 'executable': '/home/dan/miniconda3/envs/danEnv/bin/python', 'cpu_count': 32, 'cpu_count_logical': 64, 'cpu_freq': {'current': 2.3039687500000006, 'min': 2200.0, 'max': 3500.0}, 'cpu_freq_per_core': [{'current': 2.2, 'min': 2200.0, 'max': 3500.0}, {'current': 2.2, 'min': 2200.0, 'max': 3500.0}, {'current': 2.2, 'min': 2200.0, 'max': 3500.0}, {'current': 2.2, 'min': 2200.0, 'max': 3500.0}, {'current': 2.2, 'min': 2200.0, 'max': 3500.0}, {'current': 2.2, 'min': 2200.0, 'max': 3500.0}, {'current': 2.2, 'min': 2200.0, 'max': 3500.0}, {'current': 2.2, 'min': 2200.0, 'max': 3500.0}, {'current': 4.039, 'min': 2200.0, 'max': 3500.0}, {'current': 2.2, 'min': 2200.0, 'max': 3500.0}, {'current': 2.2, 'min': 2200.0, 'max': 3500.0}, {'current': 2.2, 'min': 2200.0, 'max': 3500.0}, {'current': 2.2, 'min': 2200.0, 'max': 3500.0}, {'current': 2.2, 'min': 2200.0, 'max': 3500.0}, {'current': 2.2, 'min': 2200.0, 'max': 3500.0}, {'current': 2.4, 'min': 2200.0, 'max': 3500.0}, {'current': 2.2, 'min': 2200.0, 'max': 3500.0}, {'current': 2.2, 'min': 2200.0, 'max': 3500.0}, {'current': 2.2, 'min': 2200.0, 'max': 3500.0}, {'current': 2.2, 'min': 2200.0, 'max': 3500.0}, {'current': 2.2, 'min': 2200.0, 'max': 3500.0}, {'current': 2.2, 'min': 2200.0, 'max': 3500.0}, {'current': 2.2, 'min': 2200.0, 'max': 3500.0}, {'current': 2.2, 'min': 2200.0, 'max': 3500.0}, {'current': 2.2, 'min': 2200.0, 'max': 3500.0}, {'current': 2.2, 'min': 2200.0, 'max': 3500.0}, {'current': 2.2, 'min': 2200.0, 'max': 3500.0}, {'current': 2.2, 'min': 2200.0, 'max': 3500.0}, {'current': 2.2, 'min': 2200.0, 'max': 3500.0}, {'current': 2.2, 'min': 2200.0, 'max': 3500.0}, {'current': 2.2, 'min': 2200.0, 'max': 3500.0}, {'current': 2.2, 'min': 2200.0, 'max': 3500.0}, {'current': 2.2, 'min': 2200.0, 'max': 3500.0}, {'current': 2.2, 'min': 2200.0, 'max': 3500.0}, {'current': 2.2, 'min': 2200.0, 'max': 3500.0}, {'current': 2.195, 'min': 2200.0, 'max': 3500.0}, {'current': 2.2, 'min': 2200.0, 'max': 3500.0}, {'current': 2.2, 'min': 2200.0, 'max': 3500.0}, {'current': 2.2, 'min': 2200.0, 'max': 3500.0}, {'current': 2.2, 'min': 2200.0, 'max': 3500.0}, {'current': 2.2, 'min': 2200.0, 'max': 3500.0}, {'current': 2.2, 'min': 2200.0, 'max': 3500.0}, {'current': 2.2, 'min': 2200.0, 'max': 3500.0}, {'current': 2.2, 'min': 2200.0, 'max': 3500.0}, {'current': 2.2, 'min': 2200.0, 'max': 3500.0}, {'current': 2.2, 'min': 2200.0, 'max': 3500.0}, {'current': 2.2, 'min': 2200.0, 'max': 3500.0}, {'current': 2.2, 'min': 2200.0, 'max': 3500.0}, {'current': 2.2, 'min': 2200.0, 'max': 3500.0}, {'current': 2.2, 'min': 2200.0, 'max': 3500.0}, {'current': 2.2, 'min': 2200.0, 'max': 3500.0}, {'current': 2.2, 'min': 2200.0, 'max': 3500.0}, {'current': 2.2, 'min': 2200.0, 'max': 3500.0}, {'current': 2.2, 'min': 2200.0, 'max': 3500.0}, {'current': 2.2, 'min': 2200.0, 'max': 3500.0}, {'current': 2.2, 'min': 2200.0, 'max': 3500.0}, {'current': 4.04, 'min': 2200.0, 'max': 3500.0}, {'current': 3.5, 'min': 2200.0, 'max': 3500.0}, {'current': 2.2, 'min': 2200.0, 'max': 3500.0}, {'current': 2.2, 'min': 2200.0, 'max': 3500.0}, {'current': 2.2, 'min': 2200.0, 'max': 3500.0}, {'current': 2.2, 'min': 2200.0, 'max': 3500.0}, {'current': 2.2, 'min': 2200.0, 'max': 3500.0}, {'current': 2.2, 'min': 2200.0, 'max': 3500.0}], 'disk': {'/': {'total': 1832.2072448730469, 'used': 1724.6151008605957}}, 'gpu': 'NVIDIA RTX A6000', 'gpu_count': 2, 'gpu_devices': [{'name': 'NVIDIA RTX A6000', 'memory_total': 51527024640}, {'name': 'NVIDIA RTX A6000', 'memory_total': 51527024640}], 'memory': {'total': 251.51310348510742}}
2024-05-23 10:42:17,419 INFO    HandlerThread:2559502 [system_monitor.py:probe():224] Finished collecting system info
2024-05-23 10:42:17,419 INFO    HandlerThread:2559502 [system_monitor.py:probe():227] Publishing system info
2024-05-23 10:42:17,419 DEBUG   HandlerThread:2559502 [system_info.py:_save_conda():207] Saving list of conda packages installed into the current environment
2024-05-23 10:42:18,211 INFO    Thread-12 :2559502 [dir_watcher.py:_on_file_created():271] file/dir created: /home/dan/mini_temporal/wandb/run-20240523_104216-vtpy8mtx/files/conda-environment.yaml
2024-05-23 10:42:19,210 INFO    Thread-12 :2559502 [dir_watcher.py:_on_file_modified():288] file/dir modified: /home/dan/mini_temporal/wandb/run-20240523_104216-vtpy8mtx/files/conda-environment.yaml
2024-05-23 10:42:19,338 DEBUG   HandlerThread:2559502 [system_info.py:_save_conda():222] Saving conda packages done
2024-05-23 10:42:19,338 INFO    HandlerThread:2559502 [system_monitor.py:probe():229] Finished publishing system info
2024-05-23 10:42:19,340 DEBUG   SenderThread:2559502 [sender.py:send():379] send: files
2024-05-23 10:42:19,340 INFO    SenderThread:2559502 [sender.py:_save_file():1390] saving file wandb-metadata.json with policy now
2024-05-23 10:42:19,425 DEBUG   HandlerThread:2559502 [handler.py:handle_request():146] handle_request: python_packages
2024-05-23 10:42:19,426 DEBUG   SenderThread:2559502 [sender.py:send_request():406] send_request: python_packages
2024-05-23 10:42:19,426 DEBUG   HandlerThread:2559502 [handler.py:handle_request():146] handle_request: stop_status
2024-05-23 10:42:19,427 DEBUG   SenderThread:2559502 [sender.py:send_request():406] send_request: stop_status
2024-05-23 10:42:19,428 DEBUG   HandlerThread:2559502 [handler.py:handle_request():146] handle_request: internal_messages
2024-05-23 10:42:19,591 DEBUG   SenderThread:2559502 [sender.py:send():379] send: telemetry
2024-05-23 10:42:19,744 INFO    wandb-upload_0:2559502 [upload_job.py:push():131] Uploaded file /tmp/tmpygdxcruowandb/vcxth13w-wandb-metadata.json
2024-05-23 10:42:20,211 INFO    Thread-12 :2559502 [dir_watcher.py:_on_file_created():271] file/dir created: /home/dan/mini_temporal/wandb/run-20240523_104216-vtpy8mtx/files/output.log
2024-05-23 10:42:20,211 INFO    Thread-12 :2559502 [dir_watcher.py:_on_file_created():271] file/dir created: /home/dan/mini_temporal/wandb/run-20240523_104216-vtpy8mtx/files/requirements.txt
2024-05-23 10:42:20,211 INFO    Thread-12 :2559502 [dir_watcher.py:_on_file_created():271] file/dir created: /home/dan/mini_temporal/wandb/run-20240523_104216-vtpy8mtx/files/wandb-metadata.json
2024-05-23 10:42:22,174 DEBUG   HandlerThread:2559502 [handler.py:handle_request():146] handle_request: status_report
2024-05-23 10:42:22,212 INFO    Thread-12 :2559502 [dir_watcher.py:_on_file_modified():288] file/dir modified: /home/dan/mini_temporal/wandb/run-20240523_104216-vtpy8mtx/files/output.log
2024-05-23 10:42:27,174 DEBUG   HandlerThread:2559502 [handler.py:handle_request():146] handle_request: status_report
2024-05-23 10:42:32,175 DEBUG   HandlerThread:2559502 [handler.py:handle_request():146] handle_request: status_report
2024-05-23 10:42:34,426 DEBUG   HandlerThread:2559502 [handler.py:handle_request():146] handle_request: stop_status
2024-05-23 10:42:34,426 DEBUG   SenderThread:2559502 [sender.py:send_request():406] send_request: stop_status
2024-05-23 10:42:34,428 DEBUG   HandlerThread:2559502 [handler.py:handle_request():146] handle_request: internal_messages
2024-05-23 10:42:37,496 DEBUG   HandlerThread:2559502 [handler.py:handle_request():146] handle_request: status_report
2024-05-23 10:42:42,497 DEBUG   HandlerThread:2559502 [handler.py:handle_request():146] handle_request: status_report
2024-05-23 10:42:47,501 DEBUG   HandlerThread:2559502 [handler.py:handle_request():146] handle_request: status_report
2024-05-23 10:42:48,217 INFO    Thread-12 :2559502 [dir_watcher.py:_on_file_modified():288] file/dir modified: /home/dan/mini_temporal/wandb/run-20240523_104216-vtpy8mtx/files/config.yaml
2024-05-23 10:42:49,426 DEBUG   HandlerThread:2559502 [handler.py:handle_request():146] handle_request: stop_status
2024-05-23 10:42:49,426 DEBUG   SenderThread:2559502 [sender.py:send_request():406] send_request: stop_status
2024-05-23 10:42:49,469 DEBUG   HandlerThread:2559502 [handler.py:handle_request():146] handle_request: internal_messages
2024-05-23 10:42:53,489 DEBUG   HandlerThread:2559502 [handler.py:handle_request():146] handle_request: status_report
2024-05-23 10:42:58,490 DEBUG   HandlerThread:2559502 [handler.py:handle_request():146] handle_request: status_report
2024-05-23 10:43:03,491 DEBUG   HandlerThread:2559502 [handler.py:handle_request():146] handle_request: status_report
2024-05-23 10:43:04,426 DEBUG   HandlerThread:2559502 [handler.py:handle_request():146] handle_request: stop_status
2024-05-23 10:43:04,426 DEBUG   SenderThread:2559502 [sender.py:send_request():406] send_request: stop_status
2024-05-23 10:43:04,469 DEBUG   HandlerThread:2559502 [handler.py:handle_request():146] handle_request: internal_messages
2024-05-23 10:43:09,488 DEBUG   HandlerThread:2559502 [handler.py:handle_request():146] handle_request: status_report
2024-05-23 10:43:14,489 DEBUG   HandlerThread:2559502 [handler.py:handle_request():146] handle_request: status_report
2024-05-23 10:43:17,374 DEBUG   SystemMonitor:2559502 [system_monitor.py:_start():172] Starting system metrics aggregation loop
2024-05-23 10:43:17,376 DEBUG   SenderThread:2559502 [sender.py:send():379] send: stats
2024-05-23 10:43:19,426 DEBUG   HandlerThread:2559502 [handler.py:handle_request():146] handle_request: stop_status
2024-05-23 10:43:19,426 DEBUG   SenderThread:2559502 [sender.py:send_request():406] send_request: stop_status
2024-05-23 10:43:19,468 DEBUG   HandlerThread:2559502 [handler.py:handle_request():146] handle_request: internal_messages
2024-05-23 10:43:19,490 DEBUG   HandlerThread:2559502 [handler.py:handle_request():146] handle_request: status_report
2024-05-23 10:43:24,491 DEBUG   HandlerThread:2559502 [handler.py:handle_request():146] handle_request: status_report
2024-05-23 10:43:29,491 DEBUG   HandlerThread:2559502 [handler.py:handle_request():146] handle_request: status_report
2024-05-23 10:43:34,426 DEBUG   HandlerThread:2559502 [handler.py:handle_request():146] handle_request: stop_status
2024-05-23 10:43:34,427 DEBUG   SenderThread:2559502 [sender.py:send_request():406] send_request: stop_status
2024-05-23 10:43:34,469 DEBUG   HandlerThread:2559502 [handler.py:handle_request():146] handle_request: internal_messages
2024-05-23 10:43:34,510 DEBUG   HandlerThread:2559502 [handler.py:handle_request():146] handle_request: status_report
2024-05-23 10:43:39,510 DEBUG   HandlerThread:2559502 [handler.py:handle_request():146] handle_request: status_report
2024-05-23 10:43:44,511 DEBUG   HandlerThread:2559502 [handler.py:handle_request():146] handle_request: status_report
2024-05-23 10:43:47,378 DEBUG   SenderThread:2559502 [sender.py:send():379] send: stats
2024-05-23 10:43:49,426 DEBUG   HandlerThread:2559502 [handler.py:handle_request():146] handle_request: stop_status
2024-05-23 10:43:49,427 DEBUG   SenderThread:2559502 [sender.py:send_request():406] send_request: stop_status
2024-05-23 10:43:49,469 DEBUG   HandlerThread:2559502 [handler.py:handle_request():146] handle_request: internal_messages
2024-05-23 10:43:50,498 DEBUG   HandlerThread:2559502 [handler.py:handle_request():146] handle_request: status_report
2024-05-23 10:43:54,233 INFO    Thread-12 :2559502 [dir_watcher.py:_on_file_modified():288] file/dir modified: /home/dan/mini_temporal/wandb/run-20240523_104216-vtpy8mtx/files/output.log
2024-05-23 10:43:56,331 DEBUG   HandlerThread:2559502 [handler.py:handle_request():146] handle_request: status_report
2024-05-23 10:44:01,332 DEBUG   HandlerThread:2559502 [handler.py:handle_request():146] handle_request: status_report
2024-05-23 10:44:04,427 DEBUG   HandlerThread:2559502 [handler.py:handle_request():146] handle_request: stop_status
2024-05-23 10:44:04,427 DEBUG   SenderThread:2559502 [sender.py:send_request():406] send_request: stop_status
2024-05-23 10:44:04,427 DEBUG   HandlerThread:2559502 [handler.py:handle_request():146] handle_request: internal_messages
2024-05-23 10:44:06,489 DEBUG   HandlerThread:2559502 [handler.py:handle_request():146] handle_request: status_report
2024-05-23 10:44:11,490 DEBUG   HandlerThread:2559502 [handler.py:handle_request():146] handle_request: status_report
2024-05-23 10:44:16,491 DEBUG   HandlerThread:2559502 [handler.py:handle_request():146] handle_request: status_report
2024-05-23 10:44:17,379 DEBUG   SenderThread:2559502 [sender.py:send():379] send: stats
2024-05-23 10:44:19,426 DEBUG   HandlerThread:2559502 [handler.py:handle_request():146] handle_request: stop_status
2024-05-23 10:44:19,427 DEBUG   SenderThread:2559502 [sender.py:send_request():406] send_request: stop_status
2024-05-23 10:44:19,468 DEBUG   HandlerThread:2559502 [handler.py:handle_request():146] handle_request: internal_messages
2024-05-23 10:44:21,556 DEBUG   HandlerThread:2559502 [handler.py:handle_request():146] handle_request: status_report
2024-05-23 10:44:26,556 DEBUG   HandlerThread:2559502 [handler.py:handle_request():146] handle_request: status_report
2024-05-23 10:44:31,557 DEBUG   HandlerThread:2559502 [handler.py:handle_request():146] handle_request: status_report
2024-05-23 10:44:34,427 DEBUG   HandlerThread:2559502 [handler.py:handle_request():146] handle_request: stop_status
2024-05-23 10:44:34,427 DEBUG   SenderThread:2559502 [sender.py:send_request():406] send_request: stop_status
2024-05-23 10:44:34,468 DEBUG   HandlerThread:2559502 [handler.py:handle_request():146] handle_request: internal_messages
2024-05-23 10:44:36,577 DEBUG   HandlerThread:2559502 [handler.py:handle_request():146] handle_request: status_report
2024-05-23 10:44:41,578 DEBUG   HandlerThread:2559502 [handler.py:handle_request():146] handle_request: status_report
2024-05-23 10:44:46,580 DEBUG   HandlerThread:2559502 [handler.py:handle_request():146] handle_request: status_report
2024-05-23 10:44:47,380 DEBUG   SenderThread:2559502 [sender.py:send():379] send: stats
2024-05-23 10:44:49,427 DEBUG   HandlerThread:2559502 [handler.py:handle_request():146] handle_request: stop_status
2024-05-23 10:44:49,427 DEBUG   SenderThread:2559502 [sender.py:send_request():406] send_request: stop_status
2024-05-23 10:44:49,469 DEBUG   HandlerThread:2559502 [handler.py:handle_request():146] handle_request: internal_messages
2024-05-23 10:44:52,540 DEBUG   HandlerThread:2559502 [handler.py:handle_request():146] handle_request: status_report
2024-05-23 10:44:57,541 DEBUG   HandlerThread:2559502 [handler.py:handle_request():146] handle_request: status_report
2024-05-23 10:45:02,542 DEBUG   HandlerThread:2559502 [handler.py:handle_request():146] handle_request: status_report
2024-05-23 10:45:04,427 DEBUG   HandlerThread:2559502 [handler.py:handle_request():146] handle_request: stop_status
2024-05-23 10:45:04,427 DEBUG   SenderThread:2559502 [sender.py:send_request():406] send_request: stop_status
2024-05-23 10:45:04,469 DEBUG   HandlerThread:2559502 [handler.py:handle_request():146] handle_request: internal_messages
2024-05-23 10:45:08,534 DEBUG   HandlerThread:2559502 [handler.py:handle_request():146] handle_request: status_report
2024-05-23 10:45:13,535 DEBUG   HandlerThread:2559502 [handler.py:handle_request():146] handle_request: status_report
2024-05-23 10:45:17,381 DEBUG   SenderThread:2559502 [sender.py:send():379] send: stats
2024-05-23 10:45:19,382 DEBUG   HandlerThread:2559502 [handler.py:handle_request():146] handle_request: status_report
2024-05-23 10:45:19,427 DEBUG   HandlerThread:2559502 [handler.py:handle_request():146] handle_request: stop_status
2024-05-23 10:45:19,427 DEBUG   SenderThread:2559502 [sender.py:send_request():406] send_request: stop_status
2024-05-23 10:45:19,469 DEBUG   HandlerThread:2559502 [handler.py:handle_request():146] handle_request: internal_messages
2024-05-23 10:45:24,578 DEBUG   HandlerThread:2559502 [handler.py:handle_request():146] handle_request: status_report
2024-05-23 10:45:29,938 DEBUG   HandlerThread:2559502 [handler.py:handle_request():146] handle_request: status_report
2024-05-23 10:45:30,257 INFO    Thread-12 :2559502 [dir_watcher.py:_on_file_modified():288] file/dir modified: /home/dan/mini_temporal/wandb/run-20240523_104216-vtpy8mtx/files/output.log
2024-05-23 10:45:34,427 DEBUG   HandlerThread:2559502 [handler.py:handle_request():146] handle_request: stop_status
2024-05-23 10:45:34,427 DEBUG   SenderThread:2559502 [sender.py:send_request():406] send_request: stop_status
2024-05-23 10:45:34,429 DEBUG   HandlerThread:2559502 [handler.py:handle_request():146] handle_request: internal_messages
2024-05-23 10:45:35,581 DEBUG   HandlerThread:2559502 [handler.py:handle_request():146] handle_request: status_report
2024-05-23 10:45:40,581 DEBUG   HandlerThread:2559502 [handler.py:handle_request():146] handle_request: status_report
2024-05-23 10:45:45,581 DEBUG   HandlerThread:2559502 [handler.py:handle_request():146] handle_request: status_report
2024-05-23 10:45:47,382 DEBUG   SenderThread:2559502 [sender.py:send():379] send: stats
2024-05-23 10:45:49,427 DEBUG   HandlerThread:2559502 [handler.py:handle_request():146] handle_request: stop_status
2024-05-23 10:45:49,428 DEBUG   SenderThread:2559502 [sender.py:send_request():406] send_request: stop_status
2024-05-23 10:45:49,469 DEBUG   HandlerThread:2559502 [handler.py:handle_request():146] handle_request: internal_messages
2024-05-23 10:45:51,474 DEBUG   HandlerThread:2559502 [handler.py:handle_request():146] handle_request: status_report
2024-05-23 10:45:56,475 DEBUG   HandlerThread:2559502 [handler.py:handle_request():146] handle_request: status_report
2024-05-23 10:46:01,476 DEBUG   HandlerThread:2559502 [handler.py:handle_request():146] handle_request: status_report
2024-05-23 10:46:04,427 DEBUG   HandlerThread:2559502 [handler.py:handle_request():146] handle_request: stop_status
2024-05-23 10:46:04,428 DEBUG   SenderThread:2559502 [sender.py:send_request():406] send_request: stop_status
2024-05-23 10:46:04,469 DEBUG   HandlerThread:2559502 [handler.py:handle_request():146] handle_request: internal_messages
2024-05-23 10:46:06,530 DEBUG   HandlerThread:2559502 [handler.py:handle_request():146] handle_request: status_report
2024-05-23 10:46:11,531 DEBUG   HandlerThread:2559502 [handler.py:handle_request():146] handle_request: status_report
2024-05-23 10:46:16,532 DEBUG   HandlerThread:2559502 [handler.py:handle_request():146] handle_request: status_report
2024-05-23 10:46:17,383 DEBUG   SenderThread:2559502 [sender.py:send():379] send: stats
2024-05-23 10:46:19,428 DEBUG   HandlerThread:2559502 [handler.py:handle_request():146] handle_request: stop_status
2024-05-23 10:46:19,428 DEBUG   SenderThread:2559502 [sender.py:send_request():406] send_request: stop_status
2024-05-23 10:46:19,469 DEBUG   HandlerThread:2559502 [handler.py:handle_request():146] handle_request: internal_messages
2024-05-23 10:46:22,499 DEBUG   HandlerThread:2559502 [handler.py:handle_request():146] handle_request: status_report
2024-05-23 10:46:27,500 DEBUG   HandlerThread:2559502 [handler.py:handle_request():146] handle_request: status_report
2024-05-23 10:46:32,501 DEBUG   HandlerThread:2559502 [handler.py:handle_request():146] handle_request: status_report
2024-05-23 10:46:34,428 DEBUG   HandlerThread:2559502 [handler.py:handle_request():146] handle_request: stop_status
2024-05-23 10:46:34,428 DEBUG   SenderThread:2559502 [sender.py:send_request():406] send_request: stop_status
2024-05-23 10:46:34,469 DEBUG   HandlerThread:2559502 [handler.py:handle_request():146] handle_request: internal_messages
2024-05-23 10:46:37,583 DEBUG   HandlerThread:2559502 [handler.py:handle_request():146] handle_request: status_report
2024-05-23 10:46:42,584 DEBUG   HandlerThread:2559502 [handler.py:handle_request():146] handle_request: status_report
2024-05-23 10:46:47,384 DEBUG   SenderThread:2559502 [sender.py:send():379] send: stats
2024-05-23 10:46:48,385 DEBUG   HandlerThread:2559502 [handler.py:handle_request():146] handle_request: status_report
2024-05-23 10:46:49,428 DEBUG   HandlerThread:2559502 [handler.py:handle_request():146] handle_request: stop_status
2024-05-23 10:46:49,428 DEBUG   SenderThread:2559502 [sender.py:send_request():406] send_request: stop_status
2024-05-23 10:46:49,469 DEBUG   HandlerThread:2559502 [handler.py:handle_request():146] handle_request: internal_messages
2024-05-23 10:46:53,490 DEBUG   HandlerThread:2559502 [handler.py:handle_request():146] handle_request: status_report
2024-05-23 10:46:58,491 DEBUG   HandlerThread:2559502 [handler.py:handle_request():146] handle_request: status_report
2024-05-23 10:47:03,493 DEBUG   HandlerThread:2559502 [handler.py:handle_request():146] handle_request: status_report
2024-05-23 10:47:04,453 DEBUG   HandlerThread:2559502 [handler.py:handle_request():146] handle_request: stop_status
2024-05-23 10:47:04,453 DEBUG   HandlerThread:2559502 [handler.py:handle_request():146] handle_request: internal_messages
2024-05-23 10:47:04,453 DEBUG   SenderThread:2559502 [sender.py:send_request():406] send_request: stop_status
2024-05-23 10:47:06,279 INFO    Thread-12 :2559502 [dir_watcher.py:_on_file_modified():288] file/dir modified: /home/dan/mini_temporal/wandb/run-20240523_104216-vtpy8mtx/files/output.log
2024-05-23 10:47:08,590 DEBUG   HandlerThread:2559502 [handler.py:handle_request():146] handle_request: status_report
2024-05-23 10:47:13,591 DEBUG   HandlerThread:2559502 [handler.py:handle_request():146] handle_request: status_report
2024-05-23 10:47:15,355 DEBUG   SenderThread:2559502 [sender.py:send():379] send: exit
2024-05-23 10:47:15,355 INFO    SenderThread:2559502 [sender.py:send_exit():586] handling exit code: 1
2024-05-23 10:47:15,355 INFO    SenderThread:2559502 [sender.py:send_exit():588] handling runtime: 298
2024-05-23 10:47:16,281 INFO    Thread-12 :2559502 [dir_watcher.py:_on_file_modified():288] file/dir modified: /home/dan/mini_temporal/wandb/run-20240523_104216-vtpy8mtx/files/output.log
2024-05-23 10:47:16,281 INFO    Thread-12 :2559502 [dir_watcher.py:_on_file_created():271] file/dir created: /home/dan/mini_temporal/wandb/run-20240523_104216-vtpy8mtx/files/wandb-summary.json
2024-05-23 10:47:16,355 INFO    HandlerThread:2559502 [handler.py:finish():866] shutting down handler
2024-05-23 10:47:16,355 INFO    HandlerThread:2559502 [system_monitor.py:finish():203] Stopping system monitor
2024-05-23 10:47:16,355 INFO    WriterThread:2559502 [datastore.py:close():296] close: /home/dan/mini_temporal/wandb/run-20240523_104216-vtpy8mtx/run-vtpy8mtx.wandb
2024-05-23 10:47:16,355 DEBUG   SystemMonitor:2559502 [system_monitor.py:_start():179] Finished system metrics aggregation loop
2024-05-23 10:47:16,356 DEBUG   SystemMonitor:2559502 [system_monitor.py:_start():183] Publishing last batch of metrics
2024-05-23 10:47:16,357 INFO    HandlerThread:2559502 [interfaces.py:finish():202] Joined cpu monitor
2024-05-23 10:47:16,358 INFO    HandlerThread:2559502 [interfaces.py:finish():202] Joined disk monitor
2024-05-23 10:47:16,496 INFO    HandlerThread:2559502 [interfaces.py:finish():202] Joined gpu monitor
2024-05-23 10:47:16,496 INFO    HandlerThread:2559502 [interfaces.py:finish():202] Joined memory monitor
2024-05-23 10:47:16,496 INFO    HandlerThread:2559502 [interfaces.py:finish():202] Joined network monitor
2024-05-23 10:47:16,497 ERROR   StreamThr :2559502 [internal.py:wandb_internal():174] Thread SenderThread:
OSError: [Errno 28] No space left on device

During handling of the above exception, another exception occurred:

Traceback (most recent call last):
  File "/home/dan/miniconda3/envs/danEnv/lib/python3.11/site-packages/wandb/sdk/internal/internal_util.py", line 49, in run
    self._run()
  File "/home/dan/miniconda3/envs/danEnv/lib/python3.11/site-packages/wandb/sdk/internal/internal_util.py", line 100, in _run
    self._process(record)
  File "/home/dan/miniconda3/envs/danEnv/lib/python3.11/site-packages/wandb/sdk/internal/internal.py", line 328, in _process
    self._sm.send(record)
  File "/home/dan/miniconda3/envs/danEnv/lib/python3.11/site-packages/wandb/sdk/internal/sender.py", line 386, in send
    send_handler(record)
  File "/home/dan/miniconda3/envs/danEnv/lib/python3.11/site-packages/wandb/sdk/internal/sender.py", line 590, in send_exit
    self._update_summary()
  File "/home/dan/miniconda3/envs/danEnv/lib/python3.11/site-packages/wandb/sdk/internal/sender.py", line 1162, in _update_summary
    with open(summary_path, "w") as f:
OSError: [Errno 28] No space left on device
